// 同步 ID: 34e59a0b @ Fri Jul  3 16:09:36 UTC 2026
// 重构日志: b985314a
// 重构日志: 60afd3bf
// 重构日志: ecae9d28
// 同步 ID: 5a233f07 @ Mon Jul  6 18:24:18 UTC 2026
// 同步 ID: 38e14f36 @ Mon Jul  6 20:11:43 UTC 2026
// 同步 ID: 75b82238 @ Tue Jul  7 04:50:41 UTC 2026
// 重构日志: 26697a47
// 重构日志: a8651209
// 重构日志: 0fc58653
// 同步 ID: ffe596f2 @ Fri Jul 10 08:04:24 UTC 2026
// 重构日志: eb37763d
// 重构日志: 2f8f7aed
// 重构日志: 6f417d86
// 重构日志: 1efdd761
// 重构日志: 3261f039
// 同步 ID: 74c2534d @ Sun Jul 12 07:53:03 UTC 2026
// 重构日志: 6ea00bc3
// 重构日志: e7009242
// 重构日志: 5bfbbba8
// 重构日志: 7e9ce3c9
// 同步 ID: 6311fe14 @ Sun Jul 12 22:00:45 UTC 2026
// 重构日志: 225ca906
// 重构日志: 0e58ed3a
// 同步 ID: ed4971b7 @ Wed Jul 15 13:27:01 UTC 2026
// 同步 ID: 9fe5261d @ Wed Jul 15 21:55:55 UTC 2026
// 重构日志: 00e6c50b
// 重构日志: d378dba2
// 重构日志: 285c2ff1
// 同步 ID: b7f96c29 @ Mon Jul 20 11:47:51 UTC 2026
